<?xml version="1.0" encoding="UTF-8"?>
<!-- Generated by org.testng.reporters.JUnitReportReporter -->
<testsuite hostname="TOSHIBA-PC" name="com.home.tests.MemberTests" tests="2" failures="0" timestamp="26 May 2019 22:11:13 GMT" time="83.201" errors="0">
  <testcase name="validCredMemberLogin" time="42.445" classname="com.home.tests.MemberTests"/>
  <testcase name="validCredMemberLogin" time="40.756" classname="com.home.tests.MemberTests"/>
</testsuite> <!-- com.home.tests.MemberTests -->
