<?xml version="1.0" encoding="UTF-8"?>
<!-- Generated by org.testng.reporters.JUnitReportReporter -->
<testsuite hostname="TOSHIBA-PC" name="com.home.tests.MemberSignUp" tests="1" failures="0" timestamp="25 May 2019 11:43:56 GMT" time="46.921" errors="0">
  <testcase name="signUpHappyPath" time="46.921" classname="com.home.tests.MemberSignUp"/>
</testsuite> <!-- com.home.tests.MemberSignUp -->
